<?xml version="1.0" encoding="UTF-8"?>
<testng-results skipped="0" failed="0" ignored="0" total="1" passed="1">
  <reporter-output>
  </reporter-output>
  <suite name="Default suite" duration-ms="16652" started-at="2019-03-24T17:33:25Z" finished-at="2019-03-24T17:33:41Z">
    <groups>
    </groups>
    <test name="Default test" duration-ms="16652" started-at="2019-03-24T17:33:25Z" finished-at="2019-03-24T17:33:41Z">
      <class name="com.training.sanity.tests.TC_UNF_47">
        <test-method status="PASS" signature="setUpBeforeClass()[pri:0, instance:com.training.sanity.tests.TC_UNF_47@47c62251]" name="setUpBeforeClass" is-config="true" duration-ms="15" started-at="2019-03-24T17:33:25Z" finished-at="2019-03-24T17:33:25Z">
          <reporter-output>
          </reporter-output>
        </test-method> <!-- setUpBeforeClass -->
        <test-method status="PASS" signature="setUp()[pri:0, instance:com.training.sanity.tests.TC_UNF_47@47c62251]" name="setUp" is-config="true" duration-ms="8062" started-at="2019-03-24T17:33:25Z" finished-at="2019-03-24T17:33:33Z">
          <reporter-output>
          </reporter-output>
        </test-method> <!-- setUp -->
        <test-method status="PASS" signature="MultipleFilterTest()[pri:0, instance:com.training.sanity.tests.TC_UNF_47@47c62251]" name="MultipleFilterTest" duration-ms="6992" started-at="2019-03-24T17:33:33Z" finished-at="2019-03-24T17:33:40Z">
          <reporter-output>
          </reporter-output>
        </test-method> <!-- MultipleFilterTest -->
        <test-method status="PASS" signature="tearDown()[pri:0, instance:com.training.sanity.tests.TC_UNF_47@47c62251]" name="tearDown" is-config="true" duration-ms="1560" started-at="2019-03-24T17:33:40Z" finished-at="2019-03-24T17:33:41Z">
          <reporter-output>
          </reporter-output>
        </test-method> <!-- tearDown -->
      </class> <!-- com.training.sanity.tests.TC_UNF_47 -->
    </test> <!-- Default test -->
  </suite> <!-- Default suite -->
</testng-results>
